<?xml version="1.0" encoding="UTF-8"?>
<testsuite xmlns:xsi="http://www.w3.org/2001/XMLSchema-instance" xsi:noNamespaceSchemaLocation="https://maven.apache.org/surefire/maven-surefire-plugin/xsd/surefire-test-report-3.0.xsd" version="3.0" name="L2023140020_19_Test" time="0.085" tests="3" errors="0" skipped="0" failures="0">
  <properties>
    <property name="java.specification.version" value="21"/>
    <property name="sun.cpu.isalist" value="amd64"/>
    <property name="sun.jnu.encoding" value="GBK"/>
    <property name="java.class.path" value="F:\javaaa\Lab4\target\test-classes;F:\javaaa\Lab4\target\classes;C:\Users\LEN\.m2\repository\junit\junit\4.13.1\junit-4.13.1.jar;C:\Users\LEN\.m2\repository\org\hamcrest\hamcrest-core\1.3\hamcrest-core-1.3.jar;"/>
    <property name="java.vm.vendor" value="Oracle Corporation"/>
    <property name="sun.arch.data.model" value="64"/>
    <property name="user.variant" value=""/>
    <property name="java.vendor.url" value="https://java.oracle.com/"/>
    <property name="user.timezone" value="Asia/Shanghai"/>
    <property name="os.name" value="Windows 11"/>
    <property name="java.vm.specification.version" value="21"/>
    <property name="sun.java.launcher" value="SUN_STANDARD"/>
    <property name="user.country" value="CN"/>
    <property name="sun.boot.library.path" value="H:\sdk\bin"/>
    <property name="sun.java.command" value="C:\Users\LEN\AppData\Local\Temp\surefire6428136574838017737\surefirebooter-20231207010457687_3.jar C:\Users\LEN\AppData\Local\Temp\surefire6428136574838017737 2023-12-07T01-04-57_500-jvmRun1 surefire-20231207010457687_1tmp surefire_0-20231207010457687_2tmp"/>
    <property name="jdk.debug" value="release"/>
    <property name="surefire.test.class.path" value="F:\javaaa\Lab4\target\test-classes;F:\javaaa\Lab4\target\classes;C:\Users\LEN\.m2\repository\junit\junit\4.13.1\junit-4.13.1.jar;C:\Users\LEN\.m2\repository\org\hamcrest\hamcrest-core\1.3\hamcrest-core-1.3.jar;"/>
    <property name="sun.cpu.endian" value="little"/>
    <property name="user.home" value="C:\Users\LEN"/>
    <property name="user.language" value="zh"/>
    <property name="java.specification.vendor" value="Oracle Corporation"/>
    <property name="java.version.date" value="2023-10-17"/>
    <property name="java.home" value="H:\sdk"/>
    <property name="file.separator" value="\"/>
    <property name="basedir" value="F:\javaaa\Lab4"/>
    <property name="java.vm.compressedOopsMode" value="Zero based"/>
    <property name="line.separator" value="&#10;"/>
    <property name="java.vm.specification.vendor" value="Oracle Corporation"/>
    <property name="java.specification.name" value="Java Platform API Specification"/>
    <property name="surefire.real.class.path" value="C:\Users\LEN\AppData\Local\Temp\surefire6428136574838017737\surefirebooter-20231207010457687_3.jar"/>
    <property name="user.script" value=""/>
    <property name="sun.management.compiler" value="HotSpot 64-Bit Tiered Compilers"/>
    <property name="java.runtime.version" value="21.0.1+12-LTS-29"/>
    <property name="user.name" value="LEN"/>
    <property name="stdout.encoding" value="GBK"/>
    <property name="path.separator" value=";"/>
    <property name="os.version" value="10.0"/>
    <property name="java.runtime.name" value="Java(TM) SE Runtime Environment"/>
    <property name="file.encoding" value="UTF-8"/>
    <property name="java.vm.name" value="Java HotSpot(TM) 64-Bit Server VM"/>
    <property name="localRepository" value="C:\Users\LEN\.m2\repository"/>
    <property name="java.vendor.url.bug" value="https://bugreport.java.com/bugreport/"/>
    <property name="java.io.tmpdir" value="C:\Users\LEN\AppData\Local\Temp\"/>
    <property name="java.version" value="21.0.1"/>
    <property name="user.dir" value="F:\javaaa\Lab4"/>
    <property name="os.arch" value="amd64"/>
    <property name="java.vm.specification.name" value="Java Virtual Machine Specification"/>
    <property name="sun.os.patch.level" value=""/>
    <property name="native.encoding" value="GBK"/>
    <property name="java.library.path" value="H:\sdk\bin;C:\WINDOWS\Sun\Java\bin;C:\WINDOWS\system32;C:\WINDOWS;H:\maven\apache-maven-3.9.6\bin;C:\Windows\system32;C:\Windows;H:\sdk;C:\Windows\System32\Wbem;C:\Windows\System32\WindowsPowerShell\v1.0\;C:\Windows\System32\OpenSSH\;C:\Program Files (x86)\NVIDIA Corporation\PhysX\Common;C:\Program Files\NVIDIA Corporation\NVIDIA NvDLISR;C:\WINDOWS\system32;C:\WINDOWS;C:\WINDOWS\System32\Wbem;C:\WINDOWS\System32\WindowsPowerShell\v1.0\;C:\WINDOWS\System32\OpenSSH\;D:\HHHHHH\runtime\win64;D:\HHHHHH\bin;C:\Program Files\IBM\SPSS\Statistics\25\JRE\bin;F:\;D:\Git\cmd;C:\Program Files\dotnet\;C:\Users\LEN\AppData\Local\Microsoft\WindowsApps;;F:\IntelliJ IDEA Community Edition 2022.3.2\bin;;D:\代码\python\PyCharm Community Edition 2023.1.1\bin;;F:\CLion 2023.2.2\bin;;C:\Users\LEN\AppData\Roaming\npm;C:\Users\LEN\AppData\Local\Programs\Microsoft VS Code\bin;C:\Users\LEN\.dotnet\tools;."/>
    <property name="java.vm.info" value="mixed mode, sharing"/>
    <property name="stderr.encoding" value="GBK"/>
    <property name="java.vendor" value="Oracle Corporation"/>
    <property name="java.vm.version" value="21.0.1+12-LTS-29"/>
    <property name="sun.io.unicode.encoding" value="UnicodeLittle"/>
    <property name="java.class.version" value="65.0"/>
  </properties>
  <testcase name="testGameOfLifeEmptyBoard" classname="L2023140020_19_Test" time="0.007"/>
  <testcase name="testGameOfLifeStandard" classname="L2023140020_19_Test" time="0.0"/>
  <testcase name="testGameOfLifeSmallBoard" classname="L2023140020_19_Test" time="0.0"/>
</testsuite>